{"/Users/justinhilario/Desktop/trivia-game/app/javascript/components/App.js": {"path":"/Users/justinhilario/Desktop/trivia-game/app/javascript/components/App.js","statementMap":{"0":{"start":{"line":14,"column":21},"end":{"line":23,"column":1}},"1":{"start":{"line":27,"column":4},"end":{"line":27,"column":17}},"2":{"start":{"line":29,"column":4},"end":{"line":29,"column":30}},"3":{"start":{"line":32,"column":17},"end":{"line":46,"column":3}},"4":{"start":{"line":33,"column":4},"end":{"line":45,"column":9}},"5":{"start":{"line":37,"column":8},"end":{"line":37,"column":31}},"6":{"start":{"line":40,"column":8},"end":{"line":40,"column":37}},"7":{"start":{"line":41,"column":8},"end":{"line":41,"column":54}},"8":{"start":{"line":44,"column":8},"end":{"line":44,"column":48}},"9":{"start":{"line":48,"column":26},"end":{"line":53,"column":3}},"10":{"start":{"line":49,"column":4},"end":{"line":52,"column":7}},"11":{"start":{"line":55,"column":31},"end":{"line":57,"column":3}},"12":{"start":{"line":56,"column":4},"end":{"line":56,"column":66}},"13":{"start":{"line":59,"column":14},"end":{"line":67,"column":3}},"14":{"start":{"line":62,"column":4},"end":{"line":66,"column":7}},"15":{"start":{"line":70,"column":4},"end":{"line":70,"column":22}},"16":{"start":{"line":73,"column":15},"end":{"line":86,"column":3}},"17":{"start":{"line":74,"column":4},"end":{"line":85,"column":9}},"18":{"start":{"line":76,"column":8},"end":{"line":76,"column":30}},"19":{"start":{"line":77,"column":8},"end":{"line":77,"column":31}},"20":{"start":{"line":80,"column":8},"end":{"line":80,"column":42}},"21":{"start":{"line":81,"column":8},"end":{"line":81,"column":29}},"22":{"start":{"line":84,"column":8},"end":{"line":84,"column":45}},"23":{"start":{"line":88,"column":22},"end":{"line":114,"column":3}},"24":{"start":{"line":89,"column":23},"end":{"line":94,"column":5}},"25":{"start":{"line":95,"column":4},"end":{"line":113,"column":9}},"26":{"start":{"line":103,"column":8},"end":{"line":105,"column":9}},"27":{"start":{"line":104,"column":10},"end":{"line":104,"column":49}},"28":{"start":{"line":106,"column":8},"end":{"line":106,"column":31}},"29":{"start":{"line":109,"column":8},"end":{"line":109,"column":26}},"30":{"start":{"line":112,"column":8},"end":{"line":112,"column":46}},"31":{"start":{"line":123,"column":8},"end":{"line":123,"column":18}},"32":{"start":{"line":125,"column":4},"end":{"line":125,"column":37}},"33":{"start":{"line":126,"column":4},"end":{"line":126,"column":39}},"34":{"start":{"line":127,"column":4},"end":{"line":127,"column":53}},"35":{"start":{"line":128,"column":4},"end":{"line":128,"column":41}},"36":{"start":{"line":129,"column":4},"end":{"line":129,"column":47}},"37":{"start":{"line":130,"column":4},"end":{"line":196,"column":6}},"38":{"start":{"line":138,"column":14},"end":{"line":145,"column":16}},"39":{"start":{"line":152,"column":16},"end":{"line":157,"column":18}},"40":{"start":{"line":165,"column":16},"end":{"line":169,"column":18}},"41":{"start":{"line":176,"column":14},"end":{"line":176,"column":48}},"42":{"start":{"line":177,"column":25},"end":{"line":177,"column":47}},"43":{"start":{"line":179,"column":14},"end":{"line":190,"column":16}}},"fnMap":{"0":{"name":"(anonymous_0)","decl":{"start":{"line":26,"column":2},"end":{"line":26,"column":3}},"loc":{"start":{"line":26,"column":21},"end":{"line":30,"column":3}},"line":26},"1":{"name":"(anonymous_1)","decl":{"start":{"line":32,"column":17},"end":{"line":32,"column":18}},"loc":{"start":{"line":32,"column":51},"end":{"line":46,"column":3}},"line":32},"2":{"name":"(anonymous_2)","decl":{"start":{"line":36,"column":12},"end":{"line":36,"column":13}},"loc":{"start":{"line":36,"column":26},"end":{"line":38,"column":7}},"line":36},"3":{"name":"(anonymous_3)","decl":{"start":{"line":39,"column":12},"end":{"line":39,"column":13}},"loc":{"start":{"line":39,"column":25},"end":{"line":42,"column":7}},"line":39},"4":{"name":"(anonymous_4)","decl":{"start":{"line":43,"column":13},"end":{"line":43,"column":14}},"loc":{"start":{"line":43,"column":25},"end":{"line":45,"column":7}},"line":43},"5":{"name":"(anonymous_5)","decl":{"start":{"line":48,"column":26},"end":{"line":48,"column":27}},"loc":{"start":{"line":48,"column":44},"end":{"line":53,"column":3}},"line":48},"6":{"name":"(anonymous_6)","decl":{"start":{"line":55,"column":31},"end":{"line":55,"column":32}},"loc":{"start":{"line":55,"column":57},"end":{"line":57,"column":3}},"line":55},"7":{"name":"(anonymous_7)","decl":{"start":{"line":59,"column":14},"end":{"line":59,"column":15}},"loc":{"start":{"line":59,"column":20},"end":{"line":67,"column":3}},"line":59},"8":{"name":"(anonymous_8)","decl":{"start":{"line":69,"column":2},"end":{"line":69,"column":3}},"loc":{"start":{"line":69,"column":22},"end":{"line":71,"column":3}},"line":69},"9":{"name":"(anonymous_9)","decl":{"start":{"line":73,"column":15},"end":{"line":73,"column":16}},"loc":{"start":{"line":73,"column":21},"end":{"line":86,"column":3}},"line":73},"10":{"name":"(anonymous_10)","decl":{"start":{"line":75,"column":12},"end":{"line":75,"column":13}},"loc":{"start":{"line":75,"column":26},"end":{"line":78,"column":7}},"line":75},"11":{"name":"(anonymous_11)","decl":{"start":{"line":79,"column":12},"end":{"line":79,"column":13}},"loc":{"start":{"line":79,"column":25},"end":{"line":82,"column":7}},"line":79},"12":{"name":"(anonymous_12)","decl":{"start":{"line":83,"column":13},"end":{"line":83,"column":14}},"loc":{"start":{"line":83,"column":25},"end":{"line":85,"column":7}},"line":83},"13":{"name":"(anonymous_13)","decl":{"start":{"line":88,"column":22},"end":{"line":88,"column":23}},"loc":{"start":{"line":88,"column":28},"end":{"line":114,"column":3}},"line":88},"14":{"name":"(anonymous_14)","decl":{"start":{"line":102,"column":12},"end":{"line":102,"column":13}},"loc":{"start":{"line":102,"column":26},"end":{"line":107,"column":7}},"line":102},"15":{"name":"(anonymous_15)","decl":{"start":{"line":108,"column":12},"end":{"line":108,"column":13}},"loc":{"start":{"line":108,"column":25},"end":{"line":110,"column":7}},"line":108},"16":{"name":"(anonymous_16)","decl":{"start":{"line":111,"column":13},"end":{"line":111,"column":14}},"loc":{"start":{"line":111,"column":25},"end":{"line":113,"column":7}},"line":111},"17":{"name":"(anonymous_17)","decl":{"start":{"line":116,"column":2},"end":{"line":116,"column":3}},"loc":{"start":{"line":116,"column":11},"end":{"line":197,"column":3}},"line":116},"18":{"name":"(anonymous_18)","decl":{"start":{"line":137,"column":20},"end":{"line":137,"column":21}},"loc":{"start":{"line":137,"column":31},"end":{"line":146,"column":13}},"line":137},"19":{"name":"(anonymous_19)","decl":{"start":{"line":151,"column":22},"end":{"line":151,"column":23}},"loc":{"start":{"line":152,"column":16},"end":{"line":157,"column":18}},"line":152},"20":{"name":"(anonymous_20)","decl":{"start":{"line":164,"column":22},"end":{"line":164,"column":23}},"loc":{"start":{"line":165,"column":16},"end":{"line":169,"column":18}},"line":165},"21":{"name":"(anonymous_21)","decl":{"start":{"line":175,"column":20},"end":{"line":175,"column":21}},"loc":{"start":{"line":175,"column":31},"end":{"line":191,"column":13}},"line":175}},"branchMap":{"0":{"loc":{"start":{"line":103,"column":8},"end":{"line":105,"column":9}},"type":"if","locations":[{"start":{"line":103,"column":8},"end":{"line":105,"column":9}},{"start":{"line":103,"column":8},"end":{"line":105,"column":9}}],"line":103},"1":{"loc":{"start":{"line":148,"column":11},"end":{"line":160,"column":11}},"type":"binary-expr","locations":[{"start":{"line":148,"column":11},"end":{"line":148,"column":20}},{"start":{"line":149,"column":12},"end":{"line":159,"column":14}}],"line":148},"2":{"loc":{"start":{"line":161,"column":11},"end":{"line":172,"column":11}},"type":"binary-expr","locations":[{"start":{"line":161,"column":11},"end":{"line":161,"column":20}},{"start":{"line":162,"column":12},"end":{"line":171,"column":14}}],"line":161}},"s":{"0":1,"1":2,"2":2,"3":2,"4":0,"5":0,"6":0,"7":0,"8":0,"9":2,"10":0,"11":2,"12":0,"13":2,"14":0,"15":0,"16":2,"17":0,"18":0,"19":0,"20":0,"21":0,"22":0,"23":2,"24":0,"25":0,"26":0,"27":0,"28":0,"29":0,"30":0,"31":2,"32":2,"33":2,"34":2,"35":2,"36":2,"37":2,"38":0,"39":0,"40":0,"41":0,"42":0,"43":0},"f":{"0":2,"1":0,"2":0,"3":0,"4":0,"5":0,"6":0,"7":0,"8":0,"9":0,"10":0,"11":0,"12":0,"13":0,"14":0,"15":0,"16":0,"17":2,"18":0,"19":0,"20":0,"21":0},"b":{"0":[0,0],"1":[2,0],"2":[2,0]},"_coverageSchema":"1a1c01bbd47fc00a2c39e90264f33305004495a9","hash":"dbc210b3e2f3cf0fa222616522ae3499c80ef964"}
,"/Users/justinhilario/Desktop/trivia-game/app/javascript/components/mockdata.js": {"path":"/Users/justinhilario/Desktop/trivia-game/app/javascript/components/mockdata.js","statementMap":{"0":{"start":{"line":1,"column":15},"end":{"line":28,"column":1}}},"fnMap":{},"branchMap":{},"s":{"0":1},"f":{},"b":{},"_coverageSchema":"1a1c01bbd47fc00a2c39e90264f33305004495a9","hash":"01fe372892017ba423cd03b3fbe06457a5db33ae"}
,"/Users/justinhilario/Desktop/trivia-game/app/javascript/components/mockquestions.js": {"path":"/Users/justinhilario/Desktop/trivia-game/app/javascript/components/mockquestions.js","statementMap":{"0":{"start":{"line":1,"column":20},"end":{"line":281,"column":1}}},"fnMap":{},"branchMap":{},"s":{"0":1},"f":{},"b":{},"_coverageSchema":"1a1c01bbd47fc00a2c39e90264f33305004495a9","hash":"3a967daa3e1f83e6d3ee4dc8c51931930c64bfb8"}
,"/Users/justinhilario/Desktop/trivia-game/app/javascript/components/components/Header.js": {"path":"/Users/justinhilario/Desktop/trivia-game/app/javascript/components/components/Header.js","statementMap":{"0":{"start":{"line":7,"column":4},"end":{"line":15,"column":6}}},"fnMap":{"0":{"name":"(anonymous_0)","decl":{"start":{"line":6,"column":2},"end":{"line":6,"column":3}},"loc":{"start":{"line":6,"column":11},"end":{"line":16,"column":3}},"line":6}},"branchMap":{},"s":{"0":1},"f":{"0":1},"b":{},"_coverageSchema":"1a1c01bbd47fc00a2c39e90264f33305004495a9","hash":"d33d14747a46864c7e0ea3c56c04fa779e25cf60"}
,"/Users/justinhilario/Desktop/trivia-game/app/javascript/components/pages/Home.js": {"path":"/Users/justinhilario/Desktop/trivia-game/app/javascript/components/pages/Home.js","statementMap":{"0":{"start":{"line":14,"column":8},"end":{"line":14,"column":18}},"1":{"start":{"line":16,"column":4},"end":{"line":51,"column":6}}},"fnMap":{"0":{"name":"(anonymous_0)","decl":{"start":{"line":6,"column":2},"end":{"line":6,"column":3}},"loc":{"start":{"line":6,"column":11},"end":{"line":52,"column":3}},"line":6}},"branchMap":{"0":{"loc":{"start":{"line":29,"column":11},"end":{"line":33,"column":11}},"type":"binary-expr","locations":[{"start":{"line":29,"column":11},"end":{"line":29,"column":21}},{"start":{"line":30,"column":12},"end":{"line":32,"column":16}}],"line":29},"1":{"loc":{"start":{"line":34,"column":11},"end":{"line":38,"column":11}},"type":"binary-expr","locations":[{"start":{"line":34,"column":11},"end":{"line":34,"column":20}},{"start":{"line":35,"column":12},"end":{"line":37,"column":16}}],"line":34},"2":{"loc":{"start":{"line":39,"column":11},"end":{"line":43,"column":11}},"type":"binary-expr","locations":[{"start":{"line":39,"column":11},"end":{"line":39,"column":21}},{"start":{"line":40,"column":12},"end":{"line":42,"column":16}}],"line":39},"3":{"loc":{"start":{"line":44,"column":11},"end":{"line":48,"column":11}},"type":"binary-expr","locations":[{"start":{"line":44,"column":11},"end":{"line":44,"column":20}},{"start":{"line":45,"column":12},"end":{"line":47,"column":16}}],"line":44}},"s":{"0":3,"1":3},"f":{"0":3},"b":{"0":[3,3],"1":[3,0],"2":[3,3],"3":[3,0]},"_coverageSchema":"1a1c01bbd47fc00a2c39e90264f33305004495a9","hash":"cc803eb45a4a8475bc56d18b748d2739a63f9faa"}
,"/Users/justinhilario/Desktop/trivia-game/app/javascript/components/pages/LeaderBoard.js": {"path":"/Users/justinhilario/Desktop/trivia-game/app/javascript/components/pages/LeaderBoard.js","statementMap":{"0":{"start":{"line":4,"column":10},"end":{"line":4,"column":27}},"1":{"start":{"line":6,"column":20},"end":{"line":68,"column":1}},"2":{"start":{"line":7,"column":25},"end":{"line":32,"column":3}},"3":{"start":{"line":34,"column":2},"end":{"line":34,"column":27}},"4":{"start":{"line":35,"column":17},"end":{"line":35,"column":57}},"5":{"start":{"line":37,"column":2},"end":{"line":67,"column":4}},"6":{"start":{"line":51,"column":12},"end":{"line":59,"column":14}}},"fnMap":{"0":{"name":"(anonymous_0)","decl":{"start":{"line":6,"column":20},"end":{"line":6,"column":21}},"loc":{"start":{"line":6,"column":31},"end":{"line":68,"column":1}},"line":6},"1":{"name":"(anonymous_1)","decl":{"start":{"line":50,"column":22},"end":{"line":50,"column":23}},"loc":{"start":{"line":50,"column":40},"end":{"line":60,"column":11}},"line":50}},"branchMap":{},"s":{"0":2,"1":2,"2":3,"3":3,"4":3,"5":3,"6":1},"f":{"0":3,"1":1},"b":{},"_coverageSchema":"1a1c01bbd47fc00a2c39e90264f33305004495a9","hash":"c682b6cf7165080cf0bfcf627e8b25f8f77689c5"}
,"/Users/justinhilario/Desktop/trivia-game/app/javascript/components/pages/NotFound.js": {"path":"/Users/justinhilario/Desktop/trivia-game/app/javascript/components/pages/NotFound.js","statementMap":{"0":{"start":{"line":5,"column":4},"end":{"line":10,"column":6}}},"fnMap":{"0":{"name":"(anonymous_0)","decl":{"start":{"line":4,"column":4},"end":{"line":4,"column":5}},"loc":{"start":{"line":4,"column":13},"end":{"line":11,"column":5}},"line":4}},"branchMap":{},"s":{"0":1},"f":{"0":1},"b":{},"_coverageSchema":"1a1c01bbd47fc00a2c39e90264f33305004495a9","hash":"e2f115f1236838644dc29179c2f5232e7ba98c47"}
,"/Users/justinhilario/Desktop/trivia-game/app/javascript/components/pages/TriviaIndex.js": {"path":"/Users/justinhilario/Desktop/trivia-game/app/javascript/components/pages/TriviaIndex.js","statementMap":{"0":{"start":{"line":13,"column":20},"end":{"line":79,"column":1}},"1":{"start":{"line":14,"column":34},"end":{"line":14,"column":49}},"2":{"start":{"line":15,"column":36},"end":{"line":15,"column":51}},"3":{"start":{"line":16,"column":17},"end":{"line":16,"column":45}},"4":{"start":{"line":16,"column":23},"end":{"line":16,"column":45}},"5":{"start":{"line":17,"column":20},"end":{"line":17,"column":50}},"6":{"start":{"line":17,"column":26},"end":{"line":17,"column":50}},"7":{"start":{"line":18,"column":38},"end":{"line":18,"column":67}},"8":{"start":{"line":19,"column":34},"end":{"line":19,"column":44}},"9":{"start":{"line":20,"column":44},"end":{"line":20,"column":71}},"10":{"start":{"line":21,"column":18},"end":{"line":21,"column":30}},"11":{"start":{"line":23,"column":19},"end":{"line":28,"column":3}},"12":{"start":{"line":24,"column":4},"end":{"line":24,"column":59}},"13":{"start":{"line":25,"column":4},"end":{"line":27,"column":7}},"14":{"start":{"line":26,"column":6},"end":{"line":26,"column":36}},"15":{"start":{"line":30,"column":2},"end":{"line":78,"column":4}},"16":{"start":{"line":40,"column":41},"end":{"line":43,"column":17}},"17":{"start":{"line":41,"column":18},"end":{"line":41,"column":43}},"18":{"start":{"line":42,"column":18},"end":{"line":42,"column":50}},"19":{"start":{"line":45,"column":16},"end":{"line":49,"column":18}},"20":{"start":{"line":58,"column":43},"end":{"line":58,"column":64}},"21":{"start":{"line":61,"column":43},"end":{"line":61,"column":66}},"22":{"start":{"line":64,"column":43},"end":{"line":64,"column":64}}},"fnMap":{"0":{"name":"(anonymous_0)","decl":{"start":{"line":13,"column":20},"end":{"line":13,"column":21}},"loc":{"start":{"line":13,"column":31},"end":{"line":79,"column":1}},"line":13},"1":{"name":"(anonymous_1)","decl":{"start":{"line":16,"column":17},"end":{"line":16,"column":18}},"loc":{"start":{"line":16,"column":23},"end":{"line":16,"column":45}},"line":16},"2":{"name":"(anonymous_2)","decl":{"start":{"line":17,"column":20},"end":{"line":17,"column":21}},"loc":{"start":{"line":17,"column":26},"end":{"line":17,"column":50}},"line":17},"3":{"name":"(anonymous_3)","decl":{"start":{"line":23,"column":19},"end":{"line":23,"column":20}},"loc":{"start":{"line":23,"column":25},"end":{"line":28,"column":3}},"line":23},"4":{"name":"(anonymous_4)","decl":{"start":{"line":25,"column":41},"end":{"line":25,"column":42}},"loc":{"start":{"line":25,"column":47},"end":{"line":27,"column":5}},"line":25},"5":{"name":"(anonymous_5)","decl":{"start":{"line":39,"column":54},"end":{"line":39,"column":55}},"loc":{"start":{"line":39,"column":68},"end":{"line":50,"column":15}},"line":39},"6":{"name":"(anonymous_6)","decl":{"start":{"line":40,"column":41},"end":{"line":40,"column":42}},"loc":{"start":{"line":40,"column":47},"end":{"line":43,"column":17}},"line":40},"7":{"name":"(anonymous_7)","decl":{"start":{"line":58,"column":37},"end":{"line":58,"column":38}},"loc":{"start":{"line":58,"column":43},"end":{"line":58,"column":64}},"line":58},"8":{"name":"(anonymous_8)","decl":{"start":{"line":61,"column":37},"end":{"line":61,"column":38}},"loc":{"start":{"line":61,"column":43},"end":{"line":61,"column":66}},"line":61},"9":{"name":"(anonymous_9)","decl":{"start":{"line":64,"column":37},"end":{"line":64,"column":38}},"loc":{"start":{"line":64,"column":43},"end":{"line":64,"column":64}},"line":64}},"branchMap":{},"s":{"0":2,"1":5,"2":5,"3":5,"4":0,"5":5,"6":0,"7":5,"8":5,"9":5,"10":5,"11":5,"12":0,"13":0,"14":0,"15":5,"16":120,"17":0,"18":0,"19":120,"20":0,"21":0,"22":0},"f":{"0":5,"1":0,"2":0,"3":0,"4":0,"5":120,"6":0,"7":0,"8":0,"9":0},"b":{},"_coverageSchema":"1a1c01bbd47fc00a2c39e90264f33305004495a9","hash":"09e46bf606127453e2543f6972f908c822401836"}
,"/Users/justinhilario/Desktop/trivia-game/app/javascript/components/pages/TriviaShow.js": {"path":"/Users/justinhilario/Desktop/trivia-game/app/javascript/components/pages/TriviaShow.js","statementMap":{"0":{"start":{"line":15,"column":10},"end":{"line":15,"column":27}},"1":{"start":{"line":17,"column":29},"end":{"line":21,"column":1}},"2":{"start":{"line":23,"column":19},"end":{"line":219,"column":1}},"3":{"start":{"line":32,"column":6},"end":{"line":32,"column":11}},"4":{"start":{"line":34,"column":17},"end":{"line":34,"column":28}},"5":{"start":{"line":35,"column":36},"end":{"line":35,"column":51}},"6":{"start":{"line":36,"column":18},"end":{"line":36,"column":30}},"7":{"start":{"line":37,"column":28},"end":{"line":37,"column":43}},"8":{"start":{"line":38,"column":44},"end":{"line":38,"column":59}},"9":{"start":{"line":39,"column":42},"end":{"line":39,"column":57}},"10":{"start":{"line":40,"column":38},"end":{"line":40,"column":53}},"11":{"start":{"line":42,"column":23},"end":{"line":50,"column":3}},"12":{"start":{"line":43,"column":22},"end":{"line":43,"column":23}},"13":{"start":{"line":44,"column":4},"end":{"line":49,"column":5}},"14":{"start":{"line":45,"column":6},"end":{"line":45,"column":25}},"15":{"start":{"line":46,"column":6},"end":{"line":46,"column":53}},"16":{"start":{"line":48,"column":6},"end":{"line":48,"column":24}},"17":{"start":{"line":52,"column":27},"end":{"line":60,"column":3}},"18":{"start":{"line":53,"column":22},"end":{"line":53,"column":23}},"19":{"start":{"line":54,"column":18},"end":{"line":54,"column":33}},"20":{"start":{"line":55,"column":4},"end":{"line":55,"column":22}},"21":{"start":{"line":56,"column":4},"end":{"line":58,"column":5}},"22":{"start":{"line":57,"column":6},"end":{"line":57,"column":53}},"23":{"start":{"line":59,"column":4},"end":{"line":59,"column":41}},"24":{"start":{"line":62,"column":2},"end":{"line":62,"column":30}},"25":{"start":{"line":63,"column":2},"end":{"line":63,"column":18}},"26":{"start":{"line":65,"column":26},"end":{"line":69,"column":16}},"27":{"start":{"line":66,"column":4},"end":{"line":68,"column":6}},"28":{"start":{"line":71,"column":24},"end":{"line":75,"column":3}},"29":{"start":{"line":72,"column":4},"end":{"line":72,"column":30}},"30":{"start":{"line":73,"column":4},"end":{"line":73,"column":16}},"31":{"start":{"line":74,"column":4},"end":{"line":74,"column":33}},"32":{"start":{"line":77,"column":25},"end":{"line":79,"column":3}},"33":{"start":{"line":78,"column":4},"end":{"line":78,"column":16}},"34":{"start":{"line":81,"column":2},"end":{"line":93,"column":4}},"35":{"start":{"line":83,"column":6},"end":{"line":90,"column":9}},"36":{"start":{"line":84,"column":27},"end":{"line":84,"column":58}},"37":{"start":{"line":85,"column":27},"end":{"line":85,"column":75}},"38":{"start":{"line":86,"column":8},"end":{"line":86,"column":51}},"39":{"start":{"line":87,"column":8},"end":{"line":87,"column":50}},"40":{"start":{"line":88,"column":8},"end":{"line":88,"column":51}},"41":{"start":{"line":89,"column":8},"end":{"line":89,"column":50}},"42":{"start":{"line":95,"column":32},"end":{"line":142,"column":3}},"43":{"start":{"line":96,"column":4},"end":{"line":96,"column":22}},"44":{"start":{"line":97,"column":23},"end":{"line":97,"column":54}},"45":{"start":{"line":98,"column":23},"end":{"line":98,"column":71}},"46":{"start":{"line":100,"column":4},"end":{"line":100,"column":41}},"47":{"start":{"line":101,"column":4},"end":{"line":101,"column":28}},"48":{"start":{"line":102,"column":4},"end":{"line":102,"column":54}},"49":{"start":{"line":104,"column":4},"end":{"line":141,"column":5}},"50":{"start":{"line":105,"column":6},"end":{"line":105,"column":45}},"51":{"start":{"line":106,"column":6},"end":{"line":106,"column":46}},"52":{"start":{"line":107,"column":6},"end":{"line":107,"column":71}},"53":{"start":{"line":108,"column":6},"end":{"line":110,"column":14}},"54":{"start":{"line":109,"column":8},"end":{"line":109,"column":28}},"55":{"start":{"line":111,"column":11},"end":{"line":141,"column":5}},"56":{"start":{"line":116,"column":6},"end":{"line":116,"column":46}},"57":{"start":{"line":117,"column":6},"end":{"line":117,"column":71}},"58":{"start":{"line":118,"column":6},"end":{"line":118,"column":24}},"59":{"start":{"line":119,"column":6},"end":{"line":121,"column":14}},"60":{"start":{"line":120,"column":8},"end":{"line":120,"column":29}},"61":{"start":{"line":122,"column":11},"end":{"line":141,"column":5}},"62":{"start":{"line":127,"column":6},"end":{"line":127,"column":45}},"63":{"start":{"line":128,"column":6},"end":{"line":128,"column":46}},"64":{"start":{"line":129,"column":6},"end":{"line":129,"column":71}},"65":{"start":{"line":130,"column":6},"end":{"line":130,"column":24}},"66":{"start":{"line":131,"column":6},"end":{"line":133,"column":14}},"67":{"start":{"line":132,"column":8},"end":{"line":132,"column":29}},"68":{"start":{"line":134,"column":11},"end":{"line":141,"column":5}},"69":{"start":{"line":135,"column":6},"end":{"line":135,"column":46}},"70":{"start":{"line":136,"column":6},"end":{"line":136,"column":71}},"71":{"start":{"line":138,"column":6},"end":{"line":138,"column":45}},"72":{"start":{"line":139,"column":6},"end":{"line":139,"column":46}},"73":{"start":{"line":140,"column":6},"end":{"line":140,"column":71}},"74":{"start":{"line":144,"column":2},"end":{"line":144,"column":21}},"75":{"start":{"line":145,"column":2},"end":{"line":145,"column":21}},"76":{"start":{"line":146,"column":2},"end":{"line":146,"column":46}},"77":{"start":{"line":148,"column":2},"end":{"line":218,"column":4}},"78":{"start":{"line":189,"column":14},"end":{"line":200,"column":16}},"79":{"start":{"line":196,"column":20},"end":{"line":196,"column":50}}},"fnMap":{"0":{"name":"(anonymous_0)","decl":{"start":{"line":23,"column":19},"end":{"line":23,"column":20}},"loc":{"start":{"line":23,"column":30},"end":{"line":219,"column":1}},"line":23},"1":{"name":"(anonymous_1)","decl":{"start":{"line":42,"column":23},"end":{"line":42,"column":24}},"loc":{"start":{"line":42,"column":29},"end":{"line":50,"column":3}},"line":42},"2":{"name":"(anonymous_2)","decl":{"start":{"line":52,"column":27},"end":{"line":52,"column":28}},"loc":{"start":{"line":52,"column":33},"end":{"line":60,"column":3}},"line":52},"3":{"name":"(anonymous_3)","decl":{"start":{"line":65,"column":34},"end":{"line":65,"column":35}},"loc":{"start":{"line":65,"column":40},"end":{"line":69,"column":3}},"line":65},"4":{"name":"(anonymous_4)","decl":{"start":{"line":71,"column":24},"end":{"line":71,"column":25}},"loc":{"start":{"line":71,"column":30},"end":{"line":75,"column":3}},"line":71},"5":{"name":"(anonymous_5)","decl":{"start":{"line":77,"column":25},"end":{"line":77,"column":26}},"loc":{"start":{"line":77,"column":31},"end":{"line":79,"column":3}},"line":77},"6":{"name":"(anonymous_6)","decl":{"start":{"line":82,"column":4},"end":{"line":82,"column":5}},"loc":{"start":{"line":82,"column":16},"end":{"line":91,"column":5}},"line":82},"7":{"name":"(anonymous_7)","decl":{"start":{"line":83,"column":26},"end":{"line":83,"column":27}},"loc":{"start":{"line":83,"column":38},"end":{"line":90,"column":7}},"line":83},"8":{"name":"(anonymous_8)","decl":{"start":{"line":95,"column":32},"end":{"line":95,"column":33}},"loc":{"start":{"line":95,"column":44},"end":{"line":142,"column":3}},"line":95},"9":{"name":"(anonymous_9)","decl":{"start":{"line":108,"column":17},"end":{"line":108,"column":18}},"loc":{"start":{"line":108,"column":29},"end":{"line":110,"column":7}},"line":108},"10":{"name":"(anonymous_10)","decl":{"start":{"line":119,"column":17},"end":{"line":119,"column":18}},"loc":{"start":{"line":119,"column":29},"end":{"line":121,"column":7}},"line":119},"11":{"name":"(anonymous_11)","decl":{"start":{"line":131,"column":17},"end":{"line":131,"column":18}},"loc":{"start":{"line":131,"column":29},"end":{"line":133,"column":7}},"line":131},"12":{"name":"(anonymous_12)","decl":{"start":{"line":188,"column":33},"end":{"line":188,"column":34}},"loc":{"start":{"line":188,"column":45},"end":{"line":201,"column":13}},"line":188},"13":{"name":"(anonymous_13)","decl":{"start":{"line":195,"column":27},"end":{"line":195,"column":28}},"loc":{"start":{"line":195,"column":33},"end":{"line":197,"column":19}},"line":195}},"branchMap":{"0":{"loc":{"start":{"line":44,"column":4},"end":{"line":49,"column":5}},"type":"if","locations":[{"start":{"line":44,"column":4},"end":{"line":49,"column":5}},{"start":{"line":44,"column":4},"end":{"line":49,"column":5}}],"line":44},"1":{"loc":{"start":{"line":56,"column":4},"end":{"line":58,"column":5}},"type":"if","locations":[{"start":{"line":56,"column":4},"end":{"line":58,"column":5}},{"start":{"line":56,"column":4},"end":{"line":58,"column":5}}],"line":56},"2":{"loc":{"start":{"line":57,"column":22},"end":{"line":57,"column":51}},"type":"binary-expr","locations":[{"start":{"line":57,"column":22},"end":{"line":57,"column":23}},{"start":{"line":57,"column":27},"end":{"line":57,"column":51}}],"line":57},"3":{"loc":{"start":{"line":104,"column":4},"end":{"line":141,"column":5}},"type":"if","locations":[{"start":{"line":104,"column":4},"end":{"line":141,"column":5}},{"start":{"line":104,"column":4},"end":{"line":141,"column":5}}],"line":104},"4":{"loc":{"start":{"line":104,"column":8},"end":{"line":104,"column":57}},"type":"binary-expr","locations":[{"start":{"line":104,"column":8},"end":{"line":104,"column":19}},{"start":{"line":104,"column":23},"end":{"line":104,"column":57}}],"line":104},"5":{"loc":{"start":{"line":111,"column":11},"end":{"line":141,"column":5}},"type":"if","locations":[{"start":{"line":111,"column":11},"end":{"line":141,"column":5}},{"start":{"line":111,"column":11},"end":{"line":141,"column":5}}],"line":111},"6":{"loc":{"start":{"line":112,"column":6},"end":{"line":114,"column":40}},"type":"binary-expr","locations":[{"start":{"line":112,"column":6},"end":{"line":112,"column":15}},{"start":{"line":113,"column":6},"end":{"line":113,"column":42}},{"start":{"line":114,"column":6},"end":{"line":114,"column":40}}],"line":112},"7":{"loc":{"start":{"line":122,"column":11},"end":{"line":141,"column":5}},"type":"if","locations":[{"start":{"line":122,"column":11},"end":{"line":141,"column":5}},{"start":{"line":122,"column":11},"end":{"line":141,"column":5}}],"line":122},"8":{"loc":{"start":{"line":123,"column":6},"end":{"line":125,"column":40}},"type":"binary-expr","locations":[{"start":{"line":123,"column":6},"end":{"line":123,"column":15}},{"start":{"line":124,"column":6},"end":{"line":124,"column":42}},{"start":{"line":125,"column":6},"end":{"line":125,"column":40}}],"line":123},"9":{"loc":{"start":{"line":134,"column":11},"end":{"line":141,"column":5}},"type":"if","locations":[{"start":{"line":134,"column":11},"end":{"line":141,"column":5}},{"start":{"line":134,"column":11},"end":{"line":141,"column":5}}],"line":134},"10":{"loc":{"start":{"line":157,"column":11},"end":{"line":170,"column":11}},"type":"binary-expr","locations":[{"start":{"line":157,"column":11},"end":{"line":157,"column":26}},{"start":{"line":158,"column":12},"end":{"line":169,"column":18}}],"line":157},"11":{"loc":{"start":{"line":171,"column":11},"end":{"line":184,"column":11}},"type":"binary-expr","locations":[{"start":{"line":171,"column":11},"end":{"line":171,"column":25}},{"start":{"line":172,"column":12},"end":{"line":183,"column":18}}],"line":171},"12":{"loc":{"start":{"line":203,"column":13},"end":{"line":203,"column":71}},"type":"binary-expr","locations":[{"start":{"line":203,"column":13},"end":{"line":203,"column":25}},{"start":{"line":203,"column":29},"end":{"line":203,"column":71}}],"line":203}},"s":{"0":2,"1":2,"2":2,"3":1,"4":1,"5":0,"6":0,"7":0,"8":0,"9":0,"10":0,"11":0,"12":0,"13":0,"14":0,"15":0,"16":0,"17":0,"18":0,"19":0,"20":0,"21":0,"22":0,"23":0,"24":0,"25":0,"26":0,"27":0,"28":0,"29":0,"30":0,"31":0,"32":0,"33":0,"34":0,"35":0,"36":0,"37":0,"38":0,"39":0,"40":0,"41":0,"42":0,"43":0,"44":0,"45":0,"46":0,"47":0,"48":0,"49":0,"50":0,"51":0,"52":0,"53":0,"54":0,"55":0,"56":0,"57":0,"58":0,"59":0,"60":0,"61":0,"62":0,"63":0,"64":0,"65":0,"66":0,"67":0,"68":0,"69":0,"70":0,"71":0,"72":0,"73":0,"74":0,"75":0,"76":0,"77":0,"78":0,"79":0},"f":{"0":1,"1":0,"2":0,"3":0,"4":0,"5":0,"6":0,"7":0,"8":0,"9":0,"10":0,"11":0,"12":0,"13":0},"b":{"0":[0,0],"1":[0,0],"2":[0,0],"3":[0,0],"4":[0,0],"5":[0,0],"6":[0,0,0],"7":[0,0],"8":[0,0,0],"9":[0,0],"10":[0,0],"11":[0,0],"12":[0,0]},"_coverageSchema":"1a1c01bbd47fc00a2c39e90264f33305004495a9","hash":"61cce79d8a1ceadd899d14d604a15193818d2719"}
}
