TN:
SF:app/javascript/components/App.js
FN:26,(anonymous_0)
FN:32,(anonymous_1)
FN:36,(anonymous_2)
FN:39,(anonymous_3)
FN:43,(anonymous_4)
FN:48,(anonymous_5)
FN:55,(anonymous_6)
FN:59,(anonymous_7)
FN:69,(anonymous_8)
FN:73,(anonymous_9)
FN:75,(anonymous_10)
FN:79,(anonymous_11)
FN:83,(anonymous_12)
FN:88,(anonymous_13)
FN:102,(anonymous_14)
FN:108,(anonymous_15)
FN:111,(anonymous_16)
FN:116,(anonymous_17)
FN:137,(anonymous_18)
FN:151,(anonymous_19)
FN:164,(anonymous_20)
FN:175,(anonymous_21)
FNF:22
FNH:2
FNDA:2,(anonymous_0)
FNDA:0,(anonymous_1)
FNDA:0,(anonymous_2)
FNDA:0,(anonymous_3)
FNDA:0,(anonymous_4)
FNDA:0,(anonymous_5)
FNDA:0,(anonymous_6)
FNDA:0,(anonymous_7)
FNDA:0,(anonymous_8)
FNDA:0,(anonymous_9)
FNDA:0,(anonymous_10)
FNDA:0,(anonymous_11)
FNDA:0,(anonymous_12)
FNDA:0,(anonymous_13)
FNDA:0,(anonymous_14)
FNDA:0,(anonymous_15)
FNDA:0,(anonymous_16)
FNDA:2,(anonymous_17)
FNDA:0,(anonymous_18)
FNDA:0,(anonymous_19)
FNDA:0,(anonymous_20)
FNDA:0,(anonymous_21)
DA:14,1
DA:27,2
DA:29,2
DA:32,2
DA:33,0
DA:37,0
DA:40,0
DA:41,0
DA:44,0
DA:48,2
DA:49,0
DA:55,2
DA:56,0
DA:59,2
DA:62,0
DA:70,0
DA:73,2
DA:74,0
DA:76,0
DA:77,0
DA:80,0
DA:81,0
DA:84,0
DA:88,2
DA:89,0
DA:95,0
DA:103,0
DA:104,0
DA:106,0
DA:109,0
DA:112,0
DA:123,2
DA:125,2
DA:126,2
DA:127,2
DA:128,2
DA:129,2
DA:130,2
DA:138,0
DA:152,0
DA:165,0
DA:176,0
DA:177,0
DA:179,0
LF:44
LH:16
BRDA:103,0,0,0
BRDA:103,0,1,0
BRDA:148,1,0,2
BRDA:148,1,1,0
BRDA:161,2,0,2
BRDA:161,2,1,0
BRF:6
BRH:2
end_of_record
TN:
SF:app/javascript/components/mockdata.js
FNF:0
FNH:0
DA:1,1
LF:1
LH:1
BRF:0
BRH:0
end_of_record
TN:
SF:app/javascript/components/mockquestions.js
FNF:0
FNH:0
DA:1,1
LF:1
LH:1
BRF:0
BRH:0
end_of_record
TN:
SF:app/javascript/components/components/Header.js
FN:6,(anonymous_0)
FNF:1
FNH:1
FNDA:1,(anonymous_0)
DA:7,1
LF:1
LH:1
BRF:0
BRH:0
end_of_record
TN:
SF:app/javascript/components/pages/Home.js
FN:6,(anonymous_0)
FNF:1
FNH:1
FNDA:3,(anonymous_0)
DA:14,3
DA:16,3
LF:2
LH:2
BRDA:29,0,0,3
BRDA:29,0,1,3
BRDA:34,1,0,3
BRDA:34,1,1,0
BRDA:39,2,0,3
BRDA:39,2,1,3
BRDA:44,3,0,3
BRDA:44,3,1,0
BRF:8
BRH:6
end_of_record
TN:
SF:app/javascript/components/pages/LeaderBoard.js
FN:6,(anonymous_0)
FN:50,(anonymous_1)
FNF:2
FNH:2
FNDA:3,(anonymous_0)
FNDA:1,(anonymous_1)
DA:4,2
DA:6,2
DA:7,3
DA:34,3
DA:35,3
DA:37,3
DA:51,1
LF:7
LH:7
BRF:0
BRH:0
end_of_record
TN:
SF:app/javascript/components/pages/NotFound.js
FN:4,(anonymous_0)
FNF:1
FNH:1
FNDA:1,(anonymous_0)
DA:5,1
LF:1
LH:1
BRF:0
BRH:0
end_of_record
TN:
SF:app/javascript/components/pages/TriviaIndex.js
FN:13,(anonymous_0)
FN:16,(anonymous_1)
FN:17,(anonymous_2)
FN:23,(anonymous_3)
FN:25,(anonymous_4)
FN:39,(anonymous_5)
FN:40,(anonymous_6)
FN:58,(anonymous_7)
FN:61,(anonymous_8)
FN:64,(anonymous_9)
FNF:10
FNH:2
FNDA:5,(anonymous_0)
FNDA:0,(anonymous_1)
FNDA:0,(anonymous_2)
FNDA:0,(anonymous_3)
FNDA:0,(anonymous_4)
FNDA:120,(anonymous_5)
FNDA:0,(anonymous_6)
FNDA:0,(anonymous_7)
FNDA:0,(anonymous_8)
FNDA:0,(anonymous_9)
DA:13,2
DA:14,5
DA:15,5
DA:16,5
DA:17,5
DA:18,5
DA:19,5
DA:20,5
DA:21,5
DA:23,5
DA:24,0
DA:25,0
DA:26,0
DA:30,5
DA:40,120
DA:41,0
DA:42,0
DA:45,120
DA:58,0
DA:61,0
DA:64,0
LF:21
LH:13
BRF:0
BRH:0
end_of_record
TN:
SF:app/javascript/components/pages/TriviaShow.js
FN:23,(anonymous_0)
FN:42,(anonymous_1)
FN:52,(anonymous_2)
FN:65,(anonymous_3)
FN:71,(anonymous_4)
FN:77,(anonymous_5)
FN:82,(anonymous_6)
FN:83,(anonymous_7)
FN:95,(anonymous_8)
FN:108,(anonymous_9)
FN:119,(anonymous_10)
FN:131,(anonymous_11)
FN:188,(anonymous_12)
FN:195,(anonymous_13)
FNF:14
FNH:1
FNDA:1,(anonymous_0)
FNDA:0,(anonymous_1)
FNDA:0,(anonymous_2)
FNDA:0,(anonymous_3)
FNDA:0,(anonymous_4)
FNDA:0,(anonymous_5)
FNDA:0,(anonymous_6)
FNDA:0,(anonymous_7)
FNDA:0,(anonymous_8)
FNDA:0,(anonymous_9)
FNDA:0,(anonymous_10)
FNDA:0,(anonymous_11)
FNDA:0,(anonymous_12)
FNDA:0,(anonymous_13)
DA:15,2
DA:17,2
DA:23,2
DA:32,1
DA:34,1
DA:35,0
DA:36,0
DA:37,0
DA:38,0
DA:39,0
DA:40,0
DA:42,0
DA:43,0
DA:44,0
DA:45,0
DA:46,0
DA:48,0
DA:52,0
DA:53,0
DA:54,0
DA:55,0
DA:56,0
DA:57,0
DA:59,0
DA:62,0
DA:63,0
DA:65,0
DA:66,0
DA:71,0
DA:72,0
DA:73,0
DA:74,0
DA:77,0
DA:78,0
DA:81,0
DA:83,0
DA:84,0
DA:85,0
DA:86,0
DA:87,0
DA:88,0
DA:89,0
DA:95,0
DA:96,0
DA:97,0
DA:98,0
DA:100,0
DA:101,0
DA:102,0
DA:104,0
DA:105,0
DA:106,0
DA:107,0
DA:108,0
DA:109,0
DA:111,0
DA:116,0
DA:117,0
DA:118,0
DA:119,0
DA:120,0
DA:122,0
DA:127,0
DA:128,0
DA:129,0
DA:130,0
DA:131,0
DA:132,0
DA:134,0
DA:135,0
DA:136,0
DA:138,0
DA:139,0
DA:140,0
DA:144,0
DA:145,0
DA:146,0
DA:148,0
DA:189,0
DA:196,0
LF:80
LH:5
BRDA:44,0,0,0
BRDA:44,0,1,0
BRDA:56,1,0,0
BRDA:56,1,1,0
BRDA:57,2,0,0
BRDA:57,2,1,0
BRDA:104,3,0,0
BRDA:104,3,1,0
BRDA:104,4,0,0
BRDA:104,4,1,0
BRDA:111,5,0,0
BRDA:111,5,1,0
BRDA:112,6,0,0
BRDA:112,6,1,0
BRDA:112,6,2,0
BRDA:122,7,0,0
BRDA:122,7,1,0
BRDA:123,8,0,0
BRDA:123,8,1,0
BRDA:123,8,2,0
BRDA:134,9,0,0
BRDA:134,9,1,0
BRDA:157,10,0,0
BRDA:157,10,1,0
BRDA:171,11,0,0
BRDA:171,11,1,0
BRDA:203,12,0,0
BRDA:203,12,1,0
BRF:28
BRH:0
end_of_record
